2021-06-09 23:33:06 INFO  TNG_002:24 - Loading the properties file.....!
2021-06-09 23:33:08 INFO  TNG_002:26 - Launching the browser:chrome
2021-06-09 23:33:08 INFO  TNG_002:28 - Deleting the browser cookies
2021-06-09 23:33:12 INFO  TNG_002:30 - Navigating to the URL:https://www.amazon.com
2021-06-09 23:33:12 INFO  TNG_002:15 - Selecting the Dropdown using locator:searchDropdownBox
2021-06-09 23:33:12 INFO  TNG_002:17 - Entering the text using locator:field-keywords
2021-06-09 23:33:15 INFO  TNG_002:19 - Clicking on search button using locator://input[@id='nav-search-submit-button']
2021-06-09 23:33:16 INFO  TNG_002:37 - Closing the browser
2021-06-09 23:33:51 INFO  TNG_002:24 - Loading the properties file.....!
2021-06-09 23:33:53 INFO  TNG_002:26 - Launching the browser:chrome
2021-06-09 23:33:53 INFO  TNG_002:28 - Deleting the browser cookies
2021-06-09 23:33:55 INFO  TNG_002:30 - Navigating to the URL:https://www.amazon.com
2021-06-09 23:33:56 INFO  TNG_002:15 - Selecting the Dropdown using locator:searchDropdownBox
2021-06-09 23:33:56 INFO  TNG_002:17 - Entering the text using locator:field-keywords
2021-06-09 23:33:56 INFO  TNG_002:19 - Clicking on search button using locator://input[@id='nav-search-submit-button']
2021-06-09 23:52:36 INFO  TNG_002:26 - Loading the properties file.....!
2021-06-09 23:52:39 INFO  TNG_002:28 - Launching the browser:chrome
2021-06-09 23:52:39 INFO  TNG_002:30 - Deleting the browser cookies
2021-06-09 23:52:41 INFO  TNG_002:32 - Navigating to the URL:https://www.amazon.com
2021-06-09 23:52:41 INFO  TNG_002:16 - Selecting the Dropdown using locator:searchDropdownBox
2021-06-09 23:52:41 INFO  TNG_002:18 - Entering the text using locator:field-keywords
2021-06-09 23:52:45 INFO  TNG_002:20 - Clicking on search button using locator://input[@id='nav-search-submit-button']
2021-06-09 23:52:46 INFO  TNG_002:39 - Closing the browser
2021-06-09 23:52:55 INFO  TNG_002:26 - Loading the properties file.....!
2021-06-09 23:53:32 INFO  TNG_002:28 - Launching the browser:chrome
2021-06-09 23:53:33 INFO  TNG_002:30 - Deleting the browser cookies
2021-06-09 23:53:41 INFO  TNG_002:32 - Navigating to the URL:https://www.amazon.com
2021-06-09 23:53:42 INFO  TNG_002:16 - Selecting the Dropdown using locator:searchDropdownBox
2021-06-09 23:53:43 INFO  TNG_002:18 - Entering the text using locator:field-keywords
2021-06-09 23:53:48 INFO  TNG_002:20 - Clicking on search button using locator://input[@id='nav-search-submit-button']
2021-06-09 23:53:55 INFO  TNG_002:39 - Closing the browser
2021-06-09 23:59:04 INFO  TNG_002:26 - Loading the properties file.....!
2021-06-09 23:59:08 INFO  TNG_002:28 - Launching the browser:chrome
2021-06-09 23:59:09 INFO  TNG_002:30 - Deleting the browser cookies
2021-06-09 23:59:11 INFO  TNG_002:32 - Navigating to the URL:https://www.amazon.com
2021-06-09 23:59:12 INFO  TNG_002:16 - Selecting the Dropdown using locator:searchDropdownBox
2021-06-09 23:59:12 INFO  TNG_002:18 - Entering the text using locator:field-keywords
2021-06-09 23:59:15 INFO  TNG_002:20 - Clicking on search button using locator://input[@id='nav-search-submit-button']
2021-06-09 23:59:16 INFO  TNG_002:39 - Closing the browser
2021-06-09 23:59:40 INFO  TNG_002:26 - Loading the properties file.....!
2021-06-09 23:59:50 INFO  TNG_002:28 - Launching the browser:chrome
2021-06-09 23:59:50 INFO  TNG_002:30 - Deleting the browser cookies
2021-06-09 23:59:54 INFO  TNG_002:32 - Navigating to the URL:https://www.amazon.com
2021-06-09 23:59:54 INFO  TNG_002:16 - Selecting the Dropdown using locator:searchDropdownBox
2021-06-09 23:59:54 INFO  TNG_002:18 - Entering the text using locator:field-keywords
2021-06-10 00:00:04 INFO  TNG_002:20 - Clicking on search button using locator://input[@id='nav-search-submit-button']
2021-06-10 00:00:04 INFO  TNG_002:39 - Closing the browser
2021-06-10 00:05:04 INFO  TNG_002:26 - Loading the properties file.....!
2021-06-10 00:05:08 INFO  TNG_002:28 - Launching the browser:chrome
2021-06-10 00:05:08 INFO  TNG_002:30 - Deleting the browser cookies
2021-06-10 00:05:10 INFO  TNG_002:32 - Navigating to the URL:https://www.amazon.com
2021-06-10 00:05:11 INFO  TNG_002:16 - Selecting the Dropdown using locator:searchDropdownBox
2021-06-10 00:05:11 INFO  TNG_002:18 - Entering the text using locator:field-keywords
2021-06-10 00:05:14 INFO  TNG_002:20 - Clicking on search button using locator://input[@id='nav-search-submit-button']
2021-06-10 00:05:15 INFO  TNG_002:39 - Closing the browser
2021-06-10 00:05:39 INFO  TNG_002:26 - Loading the properties file.....!
2021-06-10 00:05:49 INFO  TNG_002:28 - Launching the browser:firefox
2021-06-10 00:05:49 INFO  TNG_002:30 - Deleting the browser cookies
2021-06-10 00:05:52 INFO  TNG_002:32 - Navigating to the URL:https://www.amazon.com
2021-06-10 00:05:52 INFO  TNG_002:16 - Selecting the Dropdown using locator:searchDropdownBox
2021-06-10 00:05:52 INFO  TNG_002:18 - Entering the text using locator:field-keywords
2021-06-10 00:05:56 INFO  TNG_002:20 - Clicking on search button using locator://input[@id='nav-search-submit-button']
2021-06-10 00:05:56 INFO  TNG_002:39 - Closing the browser
2021-06-10 17:39:57 INFO  TNG_002:26 - Loading the properties file.....!
2021-06-10 17:39:57 INFO  TNG_002:26 - Loading the properties file.....!
2021-06-10 17:40:05 INFO  TNG_002:28 - Launching the browser:chrome
2021-06-10 17:40:06 INFO  TNG_002:30 - Deleting the browser cookies
2021-06-10 17:40:08 INFO  TNG_002:32 - Navigating to the URL:https://www.amazon.com
2021-06-10 17:40:09 INFO  TNG_002:16 - Selecting the Dropdown using locator:searchDropdownBox
2021-06-10 17:40:10 INFO  TNG_002:18 - Entering the text using locator:field-keywords
2021-06-10 17:40:17 INFO  TNG_002:20 - Clicking on search button using locator://input[@id='nav-search-submit-button']
2021-06-10 17:40:35 INFO  TNG_002:28 - Launching the browser:firefox
2021-06-10 17:40:35 INFO  TNG_002:30 - Deleting the browser cookies
2021-06-10 17:40:38 INFO  TNG_002:39 - Closing the browser
2021-06-10 17:40:41 INFO  TNG_002:32 - Navigating to the URL:https://www.amazon.com
2021-06-10 17:40:42 INFO  TNG_002:16 - Selecting the Dropdown using locator:searchDropdownBox
2021-06-10 17:40:44 INFO  TNG_002:18 - Entering the text using locator:field-keywords
2021-06-10 17:40:50 INFO  TNG_002:20 - Clicking on search button using locator://input[@id='nav-search-submit-button']
2021-06-10 17:40:52 INFO  TNG_002:39 - Closing the browser
2021-06-10 17:50:58 INFO  TNG_002:26 - Loading the properties file.....!
2021-06-10 17:50:58 INFO  TNG_002:26 - Loading the properties file.....!
2021-06-10 17:51:02 INFO  TNG_002:28 - Launching the browser:chrome
2021-06-10 17:51:02 INFO  TNG_002:30 - Deleting the browser cookies
2021-06-10 17:51:04 INFO  TNG_002:32 - Navigating to the URL:https://www.amazon.com
2021-06-10 17:51:05 INFO  TNG_002:16 - Selecting the Dropdown using locator:searchDropdownBox
2021-06-10 17:51:05 INFO  TNG_002:18 - Entering the text using locator:field-keywords
2021-06-10 17:51:10 INFO  TNG_002:20 - Clicking on search button using locator://input[@id='nav-search-submit-button']
2021-06-10 17:51:11 INFO  TNG_002:39 - Closing the browser
2021-06-10 17:51:14 INFO  TNG_002:28 - Launching the browser:firefox
2021-06-10 17:51:14 INFO  TNG_002:30 - Deleting the browser cookies
2021-06-10 17:51:18 INFO  TNG_002:32 - Navigating to the URL:https://www.amazon.com
2021-06-10 17:51:19 INFO  TNG_002:16 - Selecting the Dropdown using locator:searchDropdownBox
2021-06-10 17:51:19 INFO  TNG_002:18 - Entering the text using locator:field-keywords
2021-06-10 17:51:24 INFO  TNG_002:20 - Clicking on search button using locator://input[@id='nav-search-submit-button']
2021-06-10 17:51:24 INFO  TNG_002:39 - Closing the browser
2021-06-10 17:52:46 INFO  TNG_002:26 - Loading the properties file.....!
2021-06-10 17:52:49 INFO  TNG_002:28 - Launching the browser:chrome
2021-06-10 17:52:50 INFO  TNG_002:30 - Deleting the browser cookies
2021-06-10 17:52:54 INFO  TNG_002:32 - Navigating to the URL:https://www.amazon.com
2021-06-10 17:52:54 INFO  TNG_002:16 - Selecting the Dropdown using locator:searchDropdownBox
2021-06-10 17:52:54 INFO  TNG_002:18 - Entering the text using locator:field-keywords
2021-06-10 17:52:58 INFO  TNG_002:20 - Clicking on search button using locator://input[@id='nav-search-submit-button']
2021-06-10 17:53:00 INFO  TNG_002:39 - Closing the browser
2021-06-10 17:55:46 INFO  TNG_002:26 - Loading the properties file.....!
2021-06-10 17:55:46 INFO  TNG_002:26 - Loading the properties file.....!
2021-06-10 17:55:49 INFO  TNG_002:28 - Launching the browser:chrome
2021-06-10 17:55:51 INFO  TNG_002:30 - Deleting the browser cookies
2021-06-10 17:55:53 INFO  TNG_002:32 - Navigating to the URL:https://www.amazon.com
2021-06-10 17:55:54 INFO  TNG_002:16 - Selecting the Dropdown using locator:searchDropdownBox
2021-06-10 17:55:54 INFO  TNG_002:18 - Entering the text using locator:field-keywords
2021-06-10 17:55:59 INFO  TNG_002:20 - Clicking on search button using locator://input[@id='nav-search-submit-button']
2021-06-10 17:55:59 INFO  TNG_002:39 - Closing the browser
2021-06-10 17:56:00 INFO  TNG_002:28 - Launching the browser:firefox
2021-06-10 17:56:00 INFO  TNG_002:30 - Deleting the browser cookies
2021-06-10 17:56:04 INFO  TNG_002:32 - Navigating to the URL:https://www.amazon.com
2021-06-10 17:56:05 INFO  TNG_002:16 - Selecting the Dropdown using locator:searchDropdownBox
2021-06-10 17:56:06 INFO  TNG_002:18 - Entering the text using locator:field-keywords
2021-06-10 17:56:11 INFO  TNG_002:20 - Clicking on search button using locator://input[@id='nav-search-submit-button']
2021-06-10 17:56:27 INFO  TNG_002:39 - Closing the browser
2021-06-10 18:12:18 INFO  TNG_002:26 - Loading the properties file.....!
2021-06-10 18:12:21 INFO  TNG_002:28 - Launching the browser:chrome
2021-06-10 18:12:22 INFO  TNG_002:30 - Deleting the browser cookies
2021-06-10 18:12:27 INFO  TNG_002:32 - Navigating to the URL:https://www.amazon.com
2021-06-10 18:12:27 INFO  TNG_002:16 - Selecting the Dropdown using locator:searchDropdownBox
2021-06-10 18:12:27 INFO  TNG_002:18 - Entering the text using locator:field-keywords
2021-06-10 18:12:31 INFO  TNG_002:20 - Clicking on search button using locator://input[@id='nav-search-submit-button']
2021-06-10 18:12:52 INFO  TNG_002:39 - Closing the browser
2021-06-10 18:18:38 INFO  TNG_002:26 - Loading the properties file.....!
2021-06-10 18:20:10 INFO  TNG_002:26 - Loading the properties file.....!
2021-06-10 18:20:13 INFO  TNG_002:28 - Launching the browser:chrome
2021-06-10 18:20:13 INFO  TNG_002:30 - Deleting the browser cookies
2021-06-10 18:20:15 INFO  TNG_002:32 - Navigating to the URL:https://www.amazon.com
2021-06-10 18:20:15 INFO  TNG_002:16 - Selecting the Dropdown using locator:searchDropdownBox
2021-06-10 18:20:15 INFO  TNG_002:18 - Entering the text using locator:field-keywords
2021-06-10 18:20:18 INFO  TNG_002:20 - Clicking on search button using locator://input[@id='nav-search-submit-button']
2021-06-10 18:20:19 INFO  TNG_002:39 - Closing the browser
2021-06-10 18:20:53 INFO  TNG_002:26 - Loading the properties file.....!
2021-06-10 18:21:06 INFO  TNG_002:28 - Launching the browser:firefox
2021-06-10 18:21:06 INFO  TNG_002:30 - Deleting the browser cookies
2021-06-10 18:21:14 INFO  TNG_002:32 - Navigating to the URL:https://www.amazon.com
2021-06-10 18:21:14 INFO  TNG_002:16 - Selecting the Dropdown using locator:searchDropdownBox
2021-06-10 18:21:14 INFO  TNG_002:18 - Entering the text using locator:field-keywords
2021-06-10 18:21:19 INFO  TNG_002:20 - Clicking on search button using locator://input[@id='nav-search-submit-button']
2021-06-10 18:21:20 INFO  TNG_002:39 - Closing the browser
2021-06-10 18:22:31 INFO  TNG_002:26 - Loading the properties file.....!
2021-06-10 18:22:40 INFO  TNG_002:28 - Launching the browser:firefox
2021-06-10 18:22:40 INFO  TNG_002:30 - Deleting the browser cookies
2021-06-10 18:22:44 INFO  TNG_002:32 - Navigating to the URL:https://www.amazon.com
2021-06-10 18:22:45 INFO  TNG_002:16 - Selecting the Dropdown using locator:searchDropdownBox
2021-06-10 18:22:45 INFO  TNG_002:18 - Entering the text using locator:field-keywords
2021-06-10 18:22:50 INFO  TNG_002:20 - Clicking on search button using locator://input[@id='nav-search-submit-button']
2021-06-10 18:22:50 INFO  TNG_002:39 - Closing the browser
2021-06-10 19:29:22 INFO  TNG_002:26 - Loading the properties file.....!
2021-06-10 19:29:36 INFO  TNG_002:28 - Launching the browser:firefox
2021-06-10 19:29:36 INFO  TNG_002:30 - Deleting the browser cookies
2021-06-10 19:29:39 INFO  TNG_002:32 - Navigating to the URL:https://www.amazon.com
2021-06-10 19:29:40 INFO  TNG_002:16 - Selecting the Dropdown using locator:searchDropdownBox
2021-06-10 19:29:40 INFO  TNG_002:18 - Entering the text using locator:field-keywords
2021-06-10 19:29:46 INFO  TNG_002:20 - Clicking on search button using locator://input[@id='nav-search-submit-button']
2021-06-10 19:29:46 INFO  TNG_002:39 - Closing the browser
2021-06-10 19:30:33 INFO  TNG_002:26 - Loading the properties file.....!
2021-06-10 19:30:46 INFO  TNG_002:28 - Launching the browser:firefox
2021-06-10 19:30:46 INFO  TNG_002:30 - Deleting the browser cookies
2021-06-10 19:30:49 INFO  TNG_002:32 - Navigating to the URL:https://www.amazon.com
2021-06-10 19:30:50 INFO  TNG_002:16 - Selecting the Dropdown using locator:searchDropdownBox
2021-06-10 19:30:50 INFO  TNG_002:18 - Entering the text using locator:field-keywords
2021-06-10 19:30:55 INFO  TNG_002:20 - Clicking on search button using locator://input[@id='nav-search-submit-button']
2021-06-10 19:30:55 INFO  TNG_002:39 - Closing the browser
2021-06-10 19:31:47 INFO  TNG_002:26 - Loading the properties file.....!
2021-06-10 19:31:51 INFO  TNG_002:28 - Launching the browser:chrome
2021-06-10 19:31:52 INFO  TNG_002:30 - Deleting the browser cookies
2021-06-10 19:31:54 INFO  TNG_002:32 - Navigating to the URL:https://www.amazon.com
2021-06-10 19:31:54 INFO  TNG_002:16 - Selecting the Dropdown using locator:searchDropdownBox
2021-06-10 19:31:54 INFO  TNG_002:18 - Entering the text using locator:field-keywords
2021-06-10 19:31:58 INFO  TNG_002:20 - Clicking on search button using locator://input[@id='nav-search-submit-button']
2021-06-10 19:32:14 INFO  TNG_002:39 - Closing the browser
2021-06-10 19:34:59 INFO  TNG_002:26 - Loading the properties file.....!
2021-06-10 19:35:02 INFO  TNG_002:28 - Launching the browser:chrome
2021-06-10 19:35:02 INFO  TNG_002:30 - Deleting the browser cookies
2021-06-10 19:35:04 INFO  TNG_002:32 - Navigating to the URL:https://www.amazon.com
2021-06-10 19:35:06 INFO  TNG_002:16 - Selecting the Dropdown using locator:searchDropdownBox
2021-06-10 19:35:06 INFO  TNG_002:18 - Entering the text using locator:field-keywords
2021-06-10 19:35:10 INFO  TNG_002:20 - Clicking on search button using locator://input[@id='nav-search-submit-button']
2021-06-10 19:35:10 INFO  TNG_002:39 - Closing the browser
2021-06-10 19:35:38 INFO  TNG_002:26 - Loading the properties file.....!
2021-06-10 19:35:41 INFO  TNG_002:28 - Launching the browser:chrome
2021-06-10 19:35:41 INFO  TNG_002:30 - Deleting the browser cookies
2021-06-10 19:35:44 INFO  TNG_002:32 - Navigating to the URL:https://www.amazon.com
2021-06-10 19:35:44 INFO  TNG_002:16 - Selecting the Dropdown using locator:searchDropdownBox
2021-06-10 19:35:44 INFO  TNG_002:18 - Entering the text using locator:field-keywords
2021-06-10 19:35:47 INFO  TNG_002:20 - Clicking on search button using locator://input[@id='nav-search-submit-button']
2021-06-10 19:35:48 INFO  TNG_002:39 - Closing the browser
2021-06-10 19:38:18 INFO  TNG_002:26 - Loading the properties file.....!
2021-06-10 19:38:21 INFO  TNG_002:28 - Launching the browser:chrome
2021-06-10 19:38:21 INFO  TNG_002:30 - Deleting the browser cookies
2021-06-10 19:38:23 INFO  TNG_002:32 - Navigating to the URL:https://www.amazon.com
2021-06-10 19:38:24 INFO  TNG_002:16 - Selecting the Dropdown using locator:searchDropdownBox
2021-06-10 19:38:24 INFO  TNG_002:18 - Entering the text using locator:field-keywords
2021-06-10 19:38:27 INFO  TNG_002:20 - Clicking on search button using locator://input[@id='nav-search-submit-button']
2021-06-10 19:38:47 INFO  TNG_002:39 - Closing the browser
2021-06-10 19:39:08 INFO  TNG_002:26 - Loading the properties file.....!
2021-06-10 19:39:18 INFO  TNG_002:28 - Launching the browser:firefox
2021-06-10 19:39:18 INFO  TNG_002:30 - Deleting the browser cookies
2021-06-10 19:39:21 INFO  TNG_002:32 - Navigating to the URL:https://www.amazon.com
2021-06-10 19:39:21 INFO  TNG_002:16 - Selecting the Dropdown using locator:searchDropdownBox
2021-06-10 19:39:21 INFO  TNG_002:18 - Entering the text using locator:field-keywords
2021-06-10 19:39:25 INFO  TNG_002:20 - Clicking on search button using locator://input[@id='nav-search-submit-button']
2021-06-10 19:39:26 INFO  TNG_002:39 - Closing the browser
2021-06-10 19:41:27 INFO  TNG_002:26 - Loading the properties file.....!
2021-06-10 19:41:30 INFO  TNG_002:28 - Launching the browser:chrome
2021-06-10 19:41:31 INFO  TNG_002:30 - Deleting the browser cookies
2021-06-10 19:41:35 INFO  TNG_002:32 - Navigating to the URL:https://www.amazon.com
2021-06-10 19:41:38 INFO  TNG_002:16 - Selecting the Dropdown using locator:searchDropdownBox
2021-06-10 19:41:38 INFO  TNG_002:18 - Entering the text using locator:field-keywords
2021-06-10 19:41:44 INFO  TNG_002:20 - Clicking on search button using locator://input[@id='nav-search-submit-button']
2021-06-10 19:41:49 INFO  TNG_002:39 - Closing the browser
2021-06-10 19:45:44 INFO  TNG_002:26 - Loading the properties file.....!
2021-06-10 19:45:47 INFO  TNG_002:28 - Launching the browser:chrome
2021-06-10 19:45:47 INFO  TNG_002:30 - Deleting the browser cookies
2021-06-10 19:45:49 INFO  TNG_002:32 - Navigating to the URL:https://www.amazon.com
2021-06-10 19:45:49 INFO  TNG_002:16 - Selecting the Dropdown using locator:searchDropdownBox
2021-06-10 19:45:50 INFO  TNG_002:18 - Entering the text using locator:field-keywords
2021-06-10 19:45:54 INFO  TNG_002:20 - Clicking on search button using locator://input[@id='nav-search-submit-button']
2021-06-10 19:45:54 INFO  TNG_002:39 - Closing the browser
